2019-04-28 14:59:11,742 - INFO - Victoria.DesktopApp.App.Application_Startup - INICIO VICTORIA V
2019-04-28 14:59:14,815 - INFO - Victoria.DesktopApp.View.WelcomeView.BtnNew_Exercise_OnClick - Inicio Nuevo Ejercicio
2019-04-28 14:59:15,127 - INFO - DiagramDesigner.DesignerCanvas.AbrirDiagrama - Inicio Abrir Diagrama
2019-04-28 14:59:38,742 - INFO - DiagramDesigner.DesignerCanvas.AbrirDiagrama - Fin Abrir Diagrama
2019-04-28 14:59:45,075 - INFO - DiagramDesigner.DesignerCanvas.ValidarYLanzarSimulador - Inicio Validar y Lanzar Simulador
2019-04-28 14:59:45,201 - INFO - DiagramDesigner.DesignerCanvas.ValidarDiagrama - Inicio Validar Diagrama
2019-04-28 14:59:45,238 - INFO - DiagramDesigner.DesignerCanvas.ValidateUseOfCorrectVariables - Inicio Validar Uso Correcto de Variables
2019-04-28 14:59:45,490 - INFO - DiagramDesigner.DesignerCanvas.ValidateUseOfCorrectVariablesInTextBox - Inicio Validar Caracteres
2019-04-28 14:59:45,503 - INFO - DiagramDesigner.DesignerCanvas.ValidateUseOfCorrectVariablesInTextBox - Fin Validar Caracteres
2019-04-28 14:59:45,559 - INFO - DiagramDesigner.DesignerCanvas.ValidateUseOfCorrectCharacters - Inicio Validar Caracteres
2019-04-28 14:59:45,570 - INFO - DiagramDesigner.DesignerCanvas.ValidateUseOfCorrectCharacters - Fin Validar Caracteres
2019-04-28 14:59:45,581 - INFO - DiagramDesigner.DesignerCanvas.ValidateUseOfValidConditionOperators - Inicio Validar Condiciones y Operadores
2019-04-28 14:59:45,590 - INFO - DiagramDesigner.DesignerCanvas.ValidateUseOfValidConditionOperators - Fin Validar Condiciones y Operadores
2019-04-28 14:59:45,598 - INFO - DiagramDesigner.DesignerCanvas.ValidateUseOfCorrectVariablesInTextBox - Inicio Validar Caracteres
2019-04-28 14:59:45,605 - INFO - DiagramDesigner.DesignerCanvas.ValidateUseOfCorrectVariablesInTextBox - Fin Validar Caracteres
2019-04-28 14:59:45,613 - INFO - DiagramDesigner.DesignerCanvas.ValidateUseOfCorrectCharacters - Inicio Validar Caracteres
2019-04-28 14:59:45,622 - INFO - DiagramDesigner.DesignerCanvas.ValidateUseOfCorrectCharacters - Fin Validar Caracteres
2019-04-28 14:59:45,631 - INFO - DiagramDesigner.DesignerCanvas.ValidateUseOfCorrectVariablesInTextBox - Inicio Validar Caracteres
2019-04-28 14:59:45,639 - INFO - DiagramDesigner.DesignerCanvas.ValidateUseOfCorrectVariablesInTextBox - Fin Validar Caracteres
2019-04-28 14:59:45,647 - INFO - DiagramDesigner.DesignerCanvas.ValidateUseOfCorrectCharacters - Inicio Validar Caracteres
2019-04-28 14:59:45,655 - INFO - DiagramDesigner.DesignerCanvas.ValidateUseOfCorrectCharacters - Fin Validar Caracteres
2019-04-28 14:59:45,662 - INFO - DiagramDesigner.DesignerCanvas.ValidateUseOfCorrectVariablesInTextBox - Inicio Validar Caracteres
2019-04-28 14:59:45,669 - INFO - DiagramDesigner.DesignerCanvas.ValidateUseOfCorrectVariablesInTextBox - Fin Validar Caracteres
2019-04-28 14:59:45,676 - INFO - DiagramDesigner.DesignerCanvas.ValidateUseOfCorrectCharacters - Inicio Validar Caracteres
2019-04-28 14:59:45,683 - INFO - DiagramDesigner.DesignerCanvas.ValidateUseOfCorrectCharacters - Fin Validar Caracteres
2019-04-28 14:59:45,780 - INFO - DiagramDesigner.DesignerCanvas.ValidateUseOfValidConditionOperators - Inicio Validar Condiciones y Operadores
2019-04-28 14:59:45,828 - INFO - DiagramDesigner.DesignerCanvas.ValidateUseOfValidConditionOperators - Fin Validar Condiciones y Operadores
2019-04-28 14:59:45,836 - INFO - DiagramDesigner.DesignerCanvas.ValidateUseOfCorrectVariablesInTextBox - Inicio Validar Caracteres
2019-04-28 14:59:45,844 - INFO - DiagramDesigner.DesignerCanvas.ValidateUseOfCorrectVariablesInTextBox - Fin Validar Caracteres
2019-04-28 14:59:45,851 - INFO - DiagramDesigner.DesignerCanvas.ValidateUseOfCorrectCharacters - Inicio Validar Caracteres
2019-04-28 14:59:45,858 - INFO - DiagramDesigner.DesignerCanvas.ValidateUseOfCorrectCharacters - Fin Validar Caracteres
2019-04-28 14:59:45,866 - INFO - DiagramDesigner.DesignerCanvas.ValidateUseOfCorrectVariablesInTextBox - Inicio Validar Caracteres
2019-04-28 14:59:45,873 - INFO - DiagramDesigner.DesignerCanvas.ValidateUseOfCorrectVariablesInTextBox - Fin Validar Caracteres
2019-04-28 14:59:45,881 - INFO - DiagramDesigner.DesignerCanvas.ValidateUseOfCorrectCharacters - Inicio Validar Caracteres
2019-04-28 14:59:45,889 - INFO - DiagramDesigner.DesignerCanvas.ValidateUseOfCorrectCharacters - Fin Validar Caracteres
2019-04-28 14:59:45,898 - INFO - DiagramDesigner.DesignerCanvas.ValidateUseOfCorrectVariablesInTextBox - Inicio Validar Caracteres
2019-04-28 14:59:45,905 - INFO - DiagramDesigner.DesignerCanvas.ValidateUseOfCorrectVariablesInTextBox - Fin Validar Caracteres
2019-04-28 14:59:45,913 - INFO - DiagramDesigner.DesignerCanvas.ValidateUseOfCorrectCharacters - Inicio Validar Caracteres
2019-04-28 14:59:45,922 - INFO - DiagramDesigner.DesignerCanvas.ValidateUseOfCorrectCharacters - Fin Validar Caracteres
2019-04-28 14:59:45,929 - INFO - DiagramDesigner.DesignerCanvas.ValidateUseOfCorrectVariablesInTextBox - Inicio Validar Caracteres
2019-04-28 14:59:45,938 - INFO - DiagramDesigner.DesignerCanvas.ValidateUseOfCorrectVariablesInTextBox - Fin Validar Caracteres
2019-04-28 14:59:45,947 - INFO - DiagramDesigner.DesignerCanvas.ValidateUseOfCorrectCharacters - Inicio Validar Caracteres
2019-04-28 14:59:45,954 - INFO - DiagramDesigner.DesignerCanvas.ValidateUseOfCorrectCharacters - Fin Validar Caracteres
2019-04-28 14:59:45,963 - INFO - DiagramDesigner.DesignerCanvas.ValidateUseOfCorrectVariablesInTextBox - Inicio Validar Caracteres
2019-04-28 14:59:45,974 - INFO - DiagramDesigner.DesignerCanvas.ValidateUseOfCorrectVariablesInTextBox - Fin Validar Caracteres
2019-04-28 14:59:45,984 - INFO - DiagramDesigner.DesignerCanvas.ValidateUseOfCorrectCharacters - Inicio Validar Caracteres
2019-04-28 14:59:45,992 - INFO - DiagramDesigner.DesignerCanvas.ValidateUseOfCorrectCharacters - Fin Validar Caracteres
2019-04-28 14:59:46,000 - INFO - DiagramDesigner.DesignerCanvas.ValidateUseOfValidConditionOperators - Inicio Validar Condiciones y Operadores
2019-04-28 14:59:46,008 - INFO - DiagramDesigner.DesignerCanvas.ValidateUseOfValidConditionOperators - Fin Validar Condiciones y Operadores
2019-04-28 14:59:46,023 - INFO - DiagramDesigner.DesignerCanvas.ValidateUseOfCorrectVariablesInTextBox - Inicio Validar Caracteres
2019-04-28 14:59:46,031 - INFO - DiagramDesigner.DesignerCanvas.ValidateUseOfCorrectVariablesInTextBox - Fin Validar Caracteres
2019-04-28 14:59:46,039 - INFO - DiagramDesigner.DesignerCanvas.ValidateUseOfCorrectCharacters - Inicio Validar Caracteres
2019-04-28 14:59:46,048 - INFO - DiagramDesigner.DesignerCanvas.ValidateUseOfCorrectCharacters - Fin Validar Caracteres
2019-04-28 14:59:46,060 - INFO - DiagramDesigner.DesignerCanvas.ValidateUseOfCorrectVariablesInTextBox - Inicio Validar Caracteres
2019-04-28 14:59:46,069 - INFO - DiagramDesigner.DesignerCanvas.ValidateUseOfCorrectVariablesInTextBox - Fin Validar Caracteres
2019-04-28 14:59:46,076 - INFO - DiagramDesigner.DesignerCanvas.ValidateUseOfCorrectCharacters - Inicio Validar Caracteres
2019-04-28 14:59:46,083 - INFO - DiagramDesigner.DesignerCanvas.ValidateUseOfCorrectCharacters - Fin Validar Caracteres
2019-04-28 14:59:46,091 - INFO - DiagramDesigner.DesignerCanvas.ValidateUseOfValidConditionOperators - Inicio Validar Condiciones y Operadores
2019-04-28 14:59:46,100 - INFO - DiagramDesigner.DesignerCanvas.ValidateUseOfValidConditionOperators - Fin Validar Condiciones y Operadores
2019-04-28 14:59:46,109 - INFO - DiagramDesigner.DesignerCanvas.ValidateUseOfCorrectVariablesInTextBox - Inicio Validar Caracteres
2019-04-28 14:59:46,116 - INFO - DiagramDesigner.DesignerCanvas.ValidateUseOfCorrectVariablesInTextBox - Fin Validar Caracteres
2019-04-28 14:59:46,123 - INFO - DiagramDesigner.DesignerCanvas.ValidateUseOfCorrectCharacters - Inicio Validar Caracteres
2019-04-28 14:59:46,132 - INFO - DiagramDesigner.DesignerCanvas.ValidateUseOfCorrectCharacters - Fin Validar Caracteres
2019-04-28 14:59:46,140 - INFO - DiagramDesigner.DesignerCanvas.ValidateUseOfCorrectVariablesInTextBox - Inicio Validar Caracteres
2019-04-28 14:59:46,150 - INFO - DiagramDesigner.DesignerCanvas.ValidateUseOfCorrectVariablesInTextBox - Fin Validar Caracteres
2019-04-28 14:59:46,159 - INFO - DiagramDesigner.DesignerCanvas.ValidateUseOfCorrectCharacters - Inicio Validar Caracteres
2019-04-28 14:59:46,166 - INFO - DiagramDesigner.DesignerCanvas.ValidateUseOfCorrectCharacters - Fin Validar Caracteres
2019-04-28 14:59:46,177 - INFO - DiagramDesigner.DesignerCanvas.ValidateUseOfCorrectVariablesInTextBox - Inicio Validar Caracteres
2019-04-28 14:59:46,188 - INFO - DiagramDesigner.DesignerCanvas.ValidateUseOfCorrectVariablesInTextBox - Fin Validar Caracteres
2019-04-28 14:59:46,197 - INFO - DiagramDesigner.DesignerCanvas.ValidateUseOfCorrectCharacters - Inicio Validar Caracteres
2019-04-28 14:59:46,214 - INFO - DiagramDesigner.DesignerCanvas.ValidateUseOfCorrectCharacters - Fin Validar Caracteres
2019-04-28 14:59:46,222 - INFO - DiagramDesigner.DesignerCanvas.ValidateUseOfCorrectVariablesInTextBox - Inicio Validar Caracteres
2019-04-28 14:59:46,230 - INFO - DiagramDesigner.DesignerCanvas.ValidateUseOfCorrectVariablesInTextBox - Fin Validar Caracteres
2019-04-28 14:59:46,239 - INFO - DiagramDesigner.DesignerCanvas.ValidateUseOfCorrectCharacters - Inicio Validar Caracteres
2019-04-28 14:59:46,248 - INFO - DiagramDesigner.DesignerCanvas.ValidateUseOfCorrectCharacters - Fin Validar Caracteres
2019-04-28 14:59:46,256 - INFO - DiagramDesigner.DesignerCanvas.ValidateUseOfCorrectVariablesInTextBox - Inicio Validar Caracteres
2019-04-28 14:59:46,264 - INFO - DiagramDesigner.DesignerCanvas.ValidateUseOfCorrectVariablesInTextBox - Fin Validar Caracteres
2019-04-28 14:59:46,270 - INFO - DiagramDesigner.DesignerCanvas.ValidateUseOfCorrectCharacters - Inicio Validar Caracteres
2019-04-28 14:59:46,277 - INFO - DiagramDesigner.DesignerCanvas.ValidateUseOfCorrectCharacters - Fin Validar Caracteres
2019-04-28 14:59:46,283 - INFO - DiagramDesigner.DesignerCanvas.ValidateUseOfCorrectVariablesInTextBox - Inicio Validar Caracteres
2019-04-28 14:59:46,289 - INFO - DiagramDesigner.DesignerCanvas.ValidateUseOfCorrectVariablesInTextBox - Fin Validar Caracteres
2019-04-28 14:59:46,294 - INFO - DiagramDesigner.DesignerCanvas.ValidateUseOfCorrectCharacters - Inicio Validar Caracteres
2019-04-28 14:59:46,302 - INFO - DiagramDesigner.DesignerCanvas.ValidateUseOfCorrectCharacters - Fin Validar Caracteres
2019-04-28 14:59:46,308 - INFO - DiagramDesigner.DesignerCanvas.ValidateUseOfCorrectVariablesInTextBox - Inicio Validar Caracteres
2019-04-28 14:59:46,314 - INFO - DiagramDesigner.DesignerCanvas.ValidateUseOfCorrectVariablesInTextBox - Fin Validar Caracteres
2019-04-28 14:59:46,320 - INFO - DiagramDesigner.DesignerCanvas.ValidateUseOfCorrectCharacters - Inicio Validar Caracteres
2019-04-28 14:59:46,326 - INFO - DiagramDesigner.DesignerCanvas.ValidateUseOfCorrectCharacters - Fin Validar Caracteres
2019-04-28 14:59:46,332 - INFO - DiagramDesigner.DesignerCanvas.ValidateUseOfCorrectVariablesInTextBox - Inicio Validar Caracteres
2019-04-28 14:59:46,338 - INFO - DiagramDesigner.DesignerCanvas.ValidateUseOfCorrectVariablesInTextBox - Fin Validar Caracteres
2019-04-28 14:59:46,345 - INFO - DiagramDesigner.DesignerCanvas.ValidateUseOfCorrectCharacters - Inicio Validar Caracteres
2019-04-28 14:59:46,356 - INFO - DiagramDesigner.DesignerCanvas.ValidateUseOfCorrectCharacters - Fin Validar Caracteres
2019-04-28 14:59:46,363 - INFO - DiagramDesigner.DesignerCanvas.ValidateUseOfCorrectVariablesInTextBox - Inicio Validar Caracteres
2019-04-28 14:59:46,371 - INFO - DiagramDesigner.DesignerCanvas.ValidateUseOfCorrectVariablesInTextBox - Fin Validar Caracteres
2019-04-28 14:59:46,378 - INFO - DiagramDesigner.DesignerCanvas.ValidateUseOfCorrectCharacters - Inicio Validar Caracteres
2019-04-28 14:59:46,386 - INFO - DiagramDesigner.DesignerCanvas.ValidateUseOfCorrectCharacters - Fin Validar Caracteres
2019-04-28 14:59:46,397 - INFO - DiagramDesigner.DesignerCanvas.ValidateUseOfValidConditionOperators - Inicio Validar Condiciones y Operadores
2019-04-28 14:59:46,407 - INFO - DiagramDesigner.DesignerCanvas.ValidateUseOfValidConditionOperators - Fin Validar Condiciones y Operadores
2019-04-28 14:59:46,414 - INFO - DiagramDesigner.DesignerCanvas.ValidateUseOfCorrectVariablesInTextBox - Inicio Validar Caracteres
2019-04-28 14:59:46,421 - INFO - DiagramDesigner.DesignerCanvas.ValidateUseOfCorrectVariablesInTextBox - Fin Validar Caracteres
2019-04-28 14:59:46,427 - INFO - DiagramDesigner.DesignerCanvas.ValidateUseOfCorrectCharacters - Inicio Validar Caracteres
2019-04-28 14:59:46,436 - INFO - DiagramDesigner.DesignerCanvas.ValidateUseOfCorrectCharacters - Fin Validar Caracteres
2019-04-28 14:59:46,444 - INFO - DiagramDesigner.DesignerCanvas.ValidateUseOfCorrectVariablesInTextBox - Inicio Validar Caracteres
2019-04-28 14:59:46,452 - INFO - DiagramDesigner.DesignerCanvas.ValidateUseOfCorrectVariablesInTextBox - Fin Validar Caracteres
2019-04-28 14:59:46,459 - INFO - DiagramDesigner.DesignerCanvas.ValidateUseOfCorrectCharacters - Inicio Validar Caracteres
2019-04-28 14:59:46,465 - INFO - DiagramDesigner.DesignerCanvas.ValidateUseOfCorrectCharacters - Fin Validar Caracteres
2019-04-28 14:59:46,473 - INFO - DiagramDesigner.DesignerCanvas.ValidateUseOfCorrectVariablesInTextBox - Inicio Validar Caracteres
2019-04-28 14:59:46,479 - INFO - DiagramDesigner.DesignerCanvas.ValidateUseOfCorrectVariablesInTextBox - Fin Validar Caracteres
2019-04-28 14:59:46,486 - INFO - DiagramDesigner.DesignerCanvas.ValidateUseOfCorrectCharacters - Inicio Validar Caracteres
2019-04-28 14:59:46,492 - INFO - DiagramDesigner.DesignerCanvas.ValidateUseOfCorrectCharacters - Fin Validar Caracteres
2019-04-28 14:59:46,501 - INFO - DiagramDesigner.DesignerCanvas.ValidateUseOfCorrectVariables - Fin Validar Uso Correcto de Variables
2019-04-28 14:59:46,510 - INFO - DiagramDesigner.DesignerCanvas.ValidarDiagrama - Fin Validar Diagrama
2019-04-28 14:59:46,593 - INFO - Victoria.DesktopApp.Helpers.HelperVIC.SerializeVic - Inicio Serializar Vic
2019-04-28 14:59:46,615 - INFO - Victoria.DesktopApp.Helpers.HelperVIC.CreateInitializaionDiagram - Inicio Crear Inicializacion Diagrama
2019-04-28 14:59:46,625 - INFO - Victoria.DesktopApp.Helpers.HelperVIC.CreateInitializaionDiagram - Fin Crear Inicializacion Diagrama
2019-04-28 14:59:46,647 - INFO - Victoria.DesktopApp.Helpers.HelperVIC.TraeNodosHijos - Inicio Trae Nodos Hijos
2019-04-28 14:59:46,663 - INFO - Victoria.DesktopApp.Helpers.HelperVIC.TraeNodosHijos - Inicio Trae Nodos Hijos
2019-04-28 14:59:46,671 - INFO - Victoria.DesktopApp.Helpers.HelperVIC.TraeNodosHijos - Inicio Trae Nodos Hijos
2019-04-28 14:59:46,679 - INFO - Victoria.DesktopApp.Helpers.HelperVIC.TraeNodosHijos - Inicio Trae Nodos Hijos
2019-04-28 14:59:46,688 - INFO - Victoria.DesktopApp.Helpers.HelperVIC.TraeNodosHijos - Inicio Trae Nodos Hijos
2019-04-28 14:59:46,695 - INFO - Victoria.DesktopApp.Helpers.HelperVIC.TraeNodosHijos - Inicio Trae Nodos Hijos
2019-04-28 14:59:46,704 - INFO - Victoria.DesktopApp.Helpers.HelperVIC.TraeNodosHijos - Inicio Trae Nodos Hijos
2019-04-28 14:59:46,712 - INFO - Victoria.DesktopApp.Helpers.HelperVIC.TraeNodosHijos - Inicio Trae Nodos Hijos
2019-04-28 14:59:46,719 - INFO - Victoria.DesktopApp.Helpers.HelperVIC.TraeNodosHijos - Inicio Trae Nodos Hijos
2019-04-28 14:59:46,726 - INFO - Victoria.DesktopApp.Helpers.HelperVIC.TraeNodosHijos - Inicio Trae Nodos Hijos
2019-04-28 14:59:46,736 - INFO - Victoria.DesktopApp.Helpers.HelperVIC.TraeNodosHijos - Inicio Trae Nodos Hijos
2019-04-28 14:59:46,745 - INFO - Victoria.DesktopApp.Helpers.HelperVIC.TraeNodosHijos - Inicio Trae Nodos Hijos
2019-04-28 14:59:46,757 - INFO - Victoria.DesktopApp.Helpers.HelperVIC.TraeNodosHijos - Fin Trae Nodos Hijos
2019-04-28 14:59:46,768 - INFO - Victoria.DesktopApp.Helpers.HelperVIC.TraeNodosHijos - Inicio Trae Nodos Hijos
2019-04-28 14:59:46,780 - INFO - Victoria.DesktopApp.Helpers.HelperVIC.TraeNodosHijos - Inicio Trae Nodos Hijos
2019-04-28 14:59:46,795 - INFO - Victoria.DesktopApp.Helpers.HelperVIC.TraeNodosHijos - Inicio Trae Nodos Hijos
2019-04-28 14:59:46,806 - INFO - Victoria.DesktopApp.Helpers.HelperVIC.TraeNodosHijos - Fin Trae Nodos Hijos
2019-04-28 14:59:46,817 - INFO - Victoria.DesktopApp.Helpers.HelperVIC.TraeNodosHijos - Fin Trae Nodos Hijos
2019-04-28 14:59:46,826 - INFO - Victoria.DesktopApp.Helpers.HelperVIC.TraeNodosHijos - Inicio Trae Nodos Hijos
2019-04-28 14:59:46,853 - INFO - Victoria.DesktopApp.Helpers.HelperVIC.TraeNodosHijos - Inicio Trae Nodos Hijos
2019-04-28 14:59:46,888 - INFO - Victoria.DesktopApp.Helpers.HelperVIC.TraeNodosHijos - Inicio Trae Nodos Hijos
2019-04-28 14:59:46,912 - INFO - Victoria.DesktopApp.Helpers.HelperVIC.TraeNodosHijos - Inicio Trae Nodos Hijos
2019-04-28 14:59:46,928 - INFO - Victoria.DesktopApp.Helpers.HelperVIC.TraeNodosHijos - Fin Trae Nodos Hijos
2019-04-28 14:59:46,942 - INFO - Victoria.DesktopApp.Helpers.HelperVIC.TraeNodosHijos - Fin Trae Nodos Hijos
2019-04-28 14:59:46,953 - INFO - Victoria.DesktopApp.Helpers.HelperVIC.TraeNodosHijos - Fin Trae Nodos Hijos
2019-04-28 14:59:46,976 - INFO - Victoria.DesktopApp.Helpers.HelperVIC.TraeNodosHijos - Fin Trae Nodos Hijos
2019-04-28 14:59:46,988 - INFO - Victoria.DesktopApp.Helpers.HelperVIC.TraeNodosHijos - Fin Trae Nodos Hijos
2019-04-28 14:59:47,007 - INFO - Victoria.DesktopApp.Helpers.HelperVIC.TraeNodosHijos - Fin Trae Nodos Hijos
2019-04-28 14:59:47,016 - INFO - Victoria.DesktopApp.Helpers.HelperVIC.TraeNodosHijos - Fin Trae Nodos Hijos
2019-04-28 14:59:47,030 - INFO - Victoria.DesktopApp.Helpers.HelperVIC.TraeNodosHijos - Fin Trae Nodos Hijos
2019-04-28 14:59:47,040 - INFO - Victoria.DesktopApp.Helpers.HelperVIC.TraeNodosHijos - Fin Trae Nodos Hijos
2019-04-28 14:59:47,052 - INFO - Victoria.DesktopApp.Helpers.HelperVIC.TraeNodosHijos - Fin Trae Nodos Hijos
2019-04-28 14:59:47,060 - INFO - Victoria.DesktopApp.Helpers.HelperVIC.TraeNodosHijos - Inicio Trae Nodos Hijos
2019-04-28 14:59:47,071 - INFO - Victoria.DesktopApp.Helpers.HelperVIC.TraeNodosHijos - Inicio Trae Nodos Hijos
2019-04-28 14:59:47,079 - INFO - Victoria.DesktopApp.Helpers.HelperVIC.TraeNodosHijos - Fin Trae Nodos Hijos
2019-04-28 14:59:47,087 - INFO - Victoria.DesktopApp.Helpers.HelperVIC.TraeNodosHijos - Fin Trae Nodos Hijos
2019-04-28 14:59:47,095 - INFO - Victoria.DesktopApp.Helpers.HelperVIC.TraeNodosHijos - Fin Trae Nodos Hijos
2019-04-28 14:59:47,102 - INFO - Victoria.DesktopApp.Helpers.HelperVIC.TraeNodosHijos - Fin Trae Nodos Hijos
2019-04-28 14:59:47,109 - INFO - Victoria.DesktopApp.Helpers.HelperVIC.TraeNodosHijos - Fin Trae Nodos Hijos
2019-04-28 14:59:47,115 - INFO - Victoria.DesktopApp.Helpers.HelperVIC.TraeNodosHijos - Fin Trae Nodos Hijos
2019-04-28 14:59:47,121 - INFO - Victoria.DesktopApp.Helpers.HelperVIC.TraeNodosHijos - Inicio Trae Nodos Hijos
2019-04-28 14:59:47,126 - INFO - Victoria.DesktopApp.Helpers.HelperVIC.TraeNodosHijos - Inicio Trae Nodos Hijos
2019-04-28 14:59:47,132 - INFO - Victoria.DesktopApp.Helpers.HelperVIC.TraeNodosHijos - Inicio Trae Nodos Hijos
2019-04-28 14:59:47,138 - INFO - Victoria.DesktopApp.Helpers.HelperVIC.TraeNodosHijos - Inicio Trae Nodos Hijos
2019-04-28 14:59:47,145 - INFO - Victoria.DesktopApp.Helpers.HelperVIC.TraeNodosHijos - Inicio Trae Nodos Hijos
2019-04-28 14:59:47,151 - INFO - Victoria.DesktopApp.Helpers.HelperVIC.TraeNodosHijos - Inicio Trae Nodos Hijos
2019-04-28 14:59:47,157 - INFO - Victoria.DesktopApp.Helpers.HelperVIC.TraeNodosHijos - Inicio Trae Nodos Hijos
2019-04-28 14:59:47,163 - INFO - Victoria.DesktopApp.Helpers.HelperVIC.TraeNodosHijos - Inicio Trae Nodos Hijos
2019-04-28 14:59:47,169 - INFO - Victoria.DesktopApp.Helpers.HelperVIC.TraeNodosHijos - Fin Trae Nodos Hijos
2019-04-28 14:59:47,175 - INFO - Victoria.DesktopApp.Helpers.HelperVIC.TraeNodosHijos - Inicio Trae Nodos Hijos
2019-04-28 14:59:47,182 - INFO - Victoria.DesktopApp.Helpers.HelperVIC.TraeNodosHijos - Inicio Trae Nodos Hijos
2019-04-28 14:59:47,191 - INFO - Victoria.DesktopApp.Helpers.HelperVIC.TraeNodosHijos - Inicio Trae Nodos Hijos
2019-04-28 14:59:47,201 - INFO - Victoria.DesktopApp.Helpers.HelperVIC.TraeNodosHijos - Fin Trae Nodos Hijos
2019-04-28 14:59:47,209 - INFO - Victoria.DesktopApp.Helpers.HelperVIC.TraeNodosHijos - Fin Trae Nodos Hijos
2019-04-28 14:59:47,219 - INFO - Victoria.DesktopApp.Helpers.HelperVIC.TraeNodosHijos - Fin Trae Nodos Hijos
2019-04-28 14:59:47,226 - INFO - Victoria.DesktopApp.Helpers.HelperVIC.TraeNodosHijos - Fin Trae Nodos Hijos
2019-04-28 14:59:47,235 - INFO - Victoria.DesktopApp.Helpers.HelperVIC.TraeNodosHijos - Fin Trae Nodos Hijos
2019-04-28 14:59:47,243 - INFO - Victoria.DesktopApp.Helpers.HelperVIC.TraeNodosHijos - Fin Trae Nodos Hijos
2019-04-28 14:59:47,253 - INFO - Victoria.DesktopApp.Helpers.HelperVIC.TraeNodosHijos - Fin Trae Nodos Hijos
2019-04-28 14:59:47,261 - INFO - Victoria.DesktopApp.Helpers.HelperVIC.TraeNodosHijos - Fin Trae Nodos Hijos
2019-04-28 14:59:47,267 - INFO - Victoria.DesktopApp.Helpers.HelperVIC.TraeNodosHijos - Fin Trae Nodos Hijos
2019-04-28 14:59:47,273 - INFO - Victoria.DesktopApp.Helpers.HelperVIC.TraeNodosHijos - Fin Trae Nodos Hijos
2019-04-28 14:59:47,279 - INFO - Victoria.DesktopApp.Helpers.HelperVIC.TraeNodosHijos - Fin Trae Nodos Hijos
2019-04-28 14:59:47,285 - INFO - Victoria.DesktopApp.Helpers.HelperVIC.TraeNodosHijos - Fin Trae Nodos Hijos
2019-04-28 14:59:47,343 - INFO - Victoria.DesktopApp.Helpers.HelperVIC.TraeNodosHijos - Inicio Trae Nodos Hijos
2019-04-28 14:59:47,351 - INFO - Victoria.DesktopApp.Helpers.HelperVIC.TraeNodosHijos - Inicio Trae Nodos Hijos
2019-04-28 14:59:47,357 - INFO - Victoria.DesktopApp.Helpers.HelperVIC.TraeNodosHijos - Inicio Trae Nodos Hijos
2019-04-28 14:59:47,362 - INFO - Victoria.DesktopApp.Helpers.HelperVIC.TraeNodosHijos - Inicio Trae Nodos Hijos
2019-04-28 14:59:47,368 - INFO - Victoria.DesktopApp.Helpers.HelperVIC.TraeNodosHijos - Fin Trae Nodos Hijos
2019-04-28 14:59:47,374 - INFO - Victoria.DesktopApp.Helpers.HelperVIC.TraeNodosHijos - Fin Trae Nodos Hijos
2019-04-28 14:59:47,379 - INFO - Victoria.DesktopApp.Helpers.HelperVIC.TraeNodosHijos - Fin Trae Nodos Hijos
2019-04-28 14:59:47,385 - INFO - Victoria.DesktopApp.Helpers.HelperVIC.TraeNodosHijos - Fin Trae Nodos Hijos
2019-04-28 14:59:47,391 - INFO - Victoria.DesktopApp.Helpers.HelperVIC.TraeNodosHijos - Inicio Trae Nodos Hijos
2019-04-28 14:59:47,399 - INFO - Victoria.DesktopApp.Helpers.HelperVIC.TraeNodosHijos - Inicio Trae Nodos Hijos
2019-04-28 14:59:47,407 - INFO - Victoria.DesktopApp.Helpers.HelperVIC.TraeNodosHijos - Inicio Trae Nodos Hijos
2019-04-28 14:59:47,414 - INFO - Victoria.DesktopApp.Helpers.HelperVIC.TraeNodosHijos - Inicio Trae Nodos Hijos
2019-04-28 14:59:47,423 - INFO - Victoria.DesktopApp.Helpers.HelperVIC.TraeNodosHijos - Fin Trae Nodos Hijos
2019-04-28 14:59:47,433 - INFO - Victoria.DesktopApp.Helpers.HelperVIC.TraeNodosHijos - Fin Trae Nodos Hijos
2019-04-28 14:59:47,440 - INFO - Victoria.DesktopApp.Helpers.HelperVIC.TraeNodosHijos - Fin Trae Nodos Hijos
2019-04-28 14:59:47,447 - INFO - Victoria.DesktopApp.Helpers.HelperVIC.TraeNodosHijos - Fin Trae Nodos Hijos
2019-04-28 14:59:47,455 - INFO - Victoria.DesktopApp.Helpers.HelperVIC.TraeNodosHijos - Inicio Trae Nodos Hijos
2019-04-28 14:59:47,461 - INFO - Victoria.DesktopApp.Helpers.HelperVIC.TraeNodosHijos - Inicio Trae Nodos Hijos
2019-04-28 14:59:47,467 - INFO - Victoria.DesktopApp.Helpers.HelperVIC.TraeNodosHijos - Fin Trae Nodos Hijos
2019-04-28 14:59:47,473 - INFO - Victoria.DesktopApp.Helpers.HelperVIC.TraeNodosHijos - Fin Trae Nodos Hijos
2019-04-28 14:59:47,480 - INFO - Victoria.DesktopApp.Helpers.HelperVIC.generarTagDeVariables - Inicio Generar Tag de Variables
2019-04-28 14:59:47,487 - INFO - Victoria.DesktopApp.Helpers.HelperVIC.generarTagDeVariables - Fin Generar Tag de Variables
2019-04-28 14:59:47,493 - INFO - Victoria.DesktopApp.Helpers.HelperVIC.SerializeVic - Fin Serializar Vic
2019-04-28 14:59:47,500 - INFO - DiagramDesigner.DesignerCanvas.serializarModelo - Inicio Sereliazar Modelo
2019-04-28 14:59:50,449 - INFO - DiagramDesigner.DesignerCanvas.serializarModelo - Fin Serializar Modelo
2019-04-28 14:59:53,537 - INFO - DiagramDesigner.DesignerCanvas.ValidarYLanzarSimulador - Fin Validar y Lanzar Simulador
2019-04-28 15:00:10,346 - INFO - Victoria.DesktopApp.MainWindow.BtnExecuteSimulationCommand_OnClick - Inicio Ejecutar Simulación
2019-04-28 15:00:11,759 - INFO - Victoria.DesktopApp.MainWindow.BtnExecuteSimulationCommand_OnClick - Fin Ejecutar Simulacón
2019-04-28 15:00:41,235 - INFO - Victoria.DesktopApp.Control.StageControl.btnExportStage_OnClick - Inicio Exportar Escenario
2019-04-28 15:00:56,386 - INFO - Victoria.DesktopApp.Control.StageControl.btnExportStage_OnClick - Fin Exportar Escenario
2019-04-28 15:01:05,038 - INFO - Victoria.DesktopApp.MainWindow.BtnMinimize_OnClick - Inicio Minimizar aplicacion
2019-04-28 15:01:05,067 - INFO - Victoria.DesktopApp.MainWindow.BtnMinimize_OnClick - Fin Minimizar aplicacion
2019-04-28 15:04:48,762 - INFO - Victoria.DesktopApp.MainWindow.btnAddStage_OnClick - Inicio agregar un escenario.
2019-04-28 15:04:54,181 - INFO - Victoria.DesktopApp.Control.StageControl.BtnAddAnimation_OnClick - Inicio Agregar Animación
2019-04-28 15:04:56,934 - INFO - Victoria.DesktopApp.Control.StageControl.BtnAddAnimation_OnClick - Fin Agregar Animación
2019-04-28 15:05:08,332 - INFO - Victoria.DesktopApp.MainWindow.BtnMinimize_OnClick - Inicio Minimizar aplicacion
2019-04-28 15:05:08,366 - INFO - Victoria.DesktopApp.MainWindow.BtnMinimize_OnClick - Fin Minimizar aplicacion
2019-04-28 15:05:59,286 - INFO - Victoria.DesktopApp.MainWindow.btnExportarSimulacion_OnClick - Inicio Exportar Simulación
2019-04-28 15:06:16,237 - ERROR - Victoria.DesktopApp.MainWindow.btnExportarSimulacion_OnClick - Se produjo un error al exportar la simulación:No se puede cargar el archivo o ensamblado 'itextsharp, Version=5.5.6.0, Culture=neutral, PublicKeyToken=8354ae6d2174ddca' ni una de sus dependencias. La definición del manifiesto del ensamblado no coincide con la referencia al ensamblado. (Excepción de HRESULT: 0x80131040)
2019-04-28 15:06:19,581 - INFO - Victoria.DesktopApp.MainWindow.BtnMinimize_OnClick - Inicio Minimizar aplicacion
2019-04-28 15:06:19,601 - INFO - Victoria.DesktopApp.MainWindow.BtnMinimize_OnClick - Fin Minimizar aplicacion
2019-04-28 15:08:48,104 - INFO - Victoria.DesktopApp.MainWindow.CloseRoutine - Inicio Cerrar Rutina
2019-04-28 15:08:50,026 - INFO - Victoria.DesktopApp.MainWindow.CloseRoutine - Fin Cerrar Rutina
2019-04-28 15:08:56,594 - INFO - DiagramDesigner.DesignerCanvas.AbrirDiagrama - Inicio Abrir Diagrama
2019-04-28 15:09:00,934 - INFO - Victoria.DesktopApp.View.WelcomeView.BtnNew_Exercise_OnClick - Fin Nuevo Ejercicio
2019-04-28 15:09:02,175 - INFO - Victoria.DesktopApp.View.WelcomeView.BtnClose_OnClick - Inicio Boton Cerrar
2019-04-28 15:09:02,212 - INFO - Victoria.DesktopApp.View.WelcomeView.BtnClose_OnClick - Fin Boton Cerrar
