|SourceProjectName:HelpVictoria.hpr
|DestinationProjectName:index.htm
index_hha.hhk
index.hhc
index.hhk
Manual_de_usuario.htm
template\Azure_Blue\usersettings.js
index.glo
template\Azure_Blue\layout-rtl.css
template\Azure_Blue\layout.css
template\Desktop_Catalog\Layout.css
Manual_de_usuario.css
template\Desktop_Catalog\TOCTreeCloseBookHover.png
template\Azure_Blue\toc_link_desktop_ltr.png
template\Azure_Blue\slider_open_rtl.png
template\Azure_Blue\next_tab_active.png
template\Azure_Blue\andsearch_nomark.png
template\Azure_Blue\filter_mark_radio.png
template\Azure_Blue\andsearch_mark.png
template\Azure_Blue\toc_link_desktop_rtl.png
template\Desktop_Catalog\Print.png
template\Desktop_Catalog\home_default.png
template\Azure_Blue\index_mobile.png
template\Azure_Blue\preview\filter.png
template\Azure_Blue\preview\content.png
template\Azure_Blue\preview\header.png
template\Desktop_Catalog\TOCTreePage.png
template\Desktop_Catalog\BSNext.png
template\Desktop_Catalog\BSBack.png
template\Desktop_Catalog\Search.png
template\Azure_Blue\filter_tab_applied.png
template\Azure_Blue\next_mobile_active.png
template\Azure_Blue\search_mobile_navigation.png
template\Azure_Blue\filter_nomark.png
template\Azure_Blue\logo.png
template\Azure_Blue\preview\sidebar-desktop.png
template\Azure_Blue\toc_tab.png
template\Azure_Blue\toc_topic_desktop.png
template\Azure_Blue\toc_book_closed_desktop.png
template\Azure_Blue\preview\search.png
template\Desktop_Catalog\searchPrev.png
template\Azure_Blue\glossary_mobile.png
template\Azure_Blue\toc_mobile.png
template\Azure_Blue\preview\glossary.png
template\Desktop_Catalog\background.png
template\Azure_Blue\top.png
template\Azure_Blue\filter_tab.png
template\Azure_Blue\preview\social.png
template\Azure_Blue\preview\toc-desktop.png
template\Azure_Blue\preview\functionbar-mobile.png
template\Desktop_Catalog\TOCTreeLinkSelected.png
template\Desktop_Catalog\TOCTreePageSelected.png
template\Desktop_Catalog\searchNext.png
template\Azure_Blue\filter_desktop_applied.png
template\Azure_Blue\filter_desktop.png
template\Azure_Blue\glossary_desktop.png
template\Azure_Blue\toc_desktop.png
template\Azure_Blue\search_mobile.png
template\Azure_Blue\previous_mobile_active.png
template\Desktop_Catalog\TOCTreeCloseBookSelected.png
template\Desktop_Catalog\welcome_background_left.png
template\Azure_Blue\glossary_tab.png
template\Azure_Blue\next_tab.png
template\Azure_Blue\toc_book_open_mobile.png
template\Azure_Blue\preview\functionbar-desktop.png
template\Desktop_Catalog\TOCTreeOpenBookHoverSelected.png
template\Azure_Blue\loading.gif
template\Desktop_Catalog\searchPrevHover.png
template\Azure_Blue\next_active.png
template\Azure_Blue\previous.png
template\Azure_Blue\next_mobile.png
template\Azure_Blue\filter_mark.png
template\Azure_Blue\filter_clearall.png
template\Azure_Blue\toc_topic_mobile.png
template\Desktop_Catalog\TOCTreeOpenBook.png
template\Azure_Blue\previous_tab.png
template\Azure_Blue\search_mobile_active.png
template\Azure_Blue\back_mobile_rtl.png
template\Azure_Blue\filter_mobile_applied.png
template\Azure_Blue\toc_book_open_drildown.png
template\Azure_Blue\toc_book_closed_mobile.png
Manual_de_usuario_archivos\image059.png
Manual_de_usuario_archivos\image057.png
Manual_de_usuario_archivos\image055.png
Manual_de_usuario_archivos\image053.png
Manual_de_usuario_archivos\image051.png
Manual_de_usuario_archivos\image049.png
Manual_de_usuario_archivos\image047.png
Manual_de_usuario_archivos\image045.png
Manual_de_usuario_archivos\image043.png
Manual_de_usuario_archivos\image041.png
Manual_de_usuario_archivos\image039.png
Manual_de_usuario_archivos\image037.png
Manual_de_usuario_archivos\image035.png
Manual_de_usuario_archivos\image033.png
Manual_de_usuario_archivos\image031.png
Manual_de_usuario_archivos\image029.png
Manual_de_usuario_archivos\image028.png
Manual_de_usuario_archivos\image026.png
Manual_de_usuario_archivos\image024.png
Manual_de_usuario_archivos\image022.png
Manual_de_usuario_archivos\image020.png
Manual_de_usuario_archivos\image018.png
Manual_de_usuario_archivos\image016.png
Manual_de_usuario_archivos\image014.png
Manual_de_usuario_archivos\image012.png
Manual_de_usuario_archivos\image010.png
Manual_de_usuario_archivos\image009.png
Manual_de_usuario_archivos\image007.png
Manual_de_usuario_archivos\image005.png
Manual_de_usuario_archivos\image004.png
Manual_de_usuario_archivos\image003.png
Manual_de_usuario_archivos\image001.png
template\Desktop_Catalog\welcome_background_right.png
template\Desktop_Catalog\welcome_background.png
template\Azure_Blue\slider_open_ltr.png
template\Azure_Blue\next.png
template\Azure_Blue\search_tab.png
template\Azure_Blue\filter_nomark_radio.png
template\Desktop_Catalog\TOCTreeOpenBookHover.png
template\Azure_Blue\back_mobile_ltr.png
template\Azure_Blue\search_desktop_navigation.png
template\Azure_Blue\menu.png
template\Azure_Blue\social_open.png
template\Azure_Blue\idx_topic.png
template\Azure_Blue\search_desktop.png
template\Azure_Blue\preview\filter-mobile.png
template\Azure_Blue\preview\sidebar-mobile.png
template\Azure_Blue\preview\sidebar-tablet.png
template\Azure_Blue\slider_ltr.png
template\Azure_Blue\previous_active.png
template\Azure_Blue\slider_rtl.png
template\Azure_Blue\search_desktop_active.png
template\Azure_Blue\index_desktop.png
template\Azure_Blue\index_tab.png
template\Azure_Blue\previous_tab_active.png
template\Azure_Blue\previous_mobile.png
template\Azure_Blue\filter_mobile.png
template\Azure_Blue\preview\index.png
template\Azure_Blue\preview\search-mobile.png
template\Azure_Blue\preview\layout-media-queries.png
template\Azure_Blue\preview\user-settings.png
template\Azure_Blue\toc_link_mobile_ltr.png
template\Azure_Blue\toc_book_open_desktop.png
template\Azure_Blue\toc_link_mobile_rtl.png
template\Desktop_Catalog\TOCTreeLinkHover.png
template\Desktop_Catalog\TOCTreePageHover.png
template\Desktop_Catalog\TOCTreeCloseBook.png
template\Azure_Blue\social_close_ltr.png
template\Azure_Blue\social_close_rtl.png
template\Azure_Blue\preview\toc-mobile.png
template\Desktop_Catalog\TOCTreeLink.png
template\Desktop_Catalog\searchNextHover.png
template\Azure_Blue\print_desktop.png
template\Azure_Blue\back_mobile_filter.png
template\Azure_Blue\preview\functionbar-tablet.png
index.ppf
ehlpdhtm.js
RoboHHRE.lng
index.htm
SearchOptions.xml
whxdata\toc1.js
whxdata\toc1.new.js
whxdata\toc2.js
whxdata\toc2.new.js
whxdata\toc3.js
whxdata\toc3.new.js
whxdata\toc4.js
whxdata\toc4.new.js
whxdata\toc5.js
whxdata\toc5.new.js
whxdata\toc.js
whxdata\toc.new.js
whxdata\idx.js
whxdata\glo.js
whxdata\package_0_xml.js
whxdata\package_1_xml.js
whxdata\package_2_xml.js
whxdata\package_3_xml.js
whxdata\package_4_xml.js
whxdata\package_5_xml.js
whxdata\package_6_xml.js
whxdata\package_7_xml.js
whxdata\package_8_xml.js
whxdata\packageindex_xml.js
whxdata\synonym.xml
whxdata\synonym_xml.js
whxdata\topictable_0_xml.js
whxdata\topictableindex_xml.js
whxdata\whfts.xml
whxdata\whfts_xml.js
whxdata\csh.js
whxdata\window.js
projectdata.js
